0 info it worked if it ends with ok
1 verbose cli [ '/usr/local/bin/node',
1 verbose cli   '/usr/local/bin/npm',
1 verbose cli   'install',
1 verbose cli   '-g',
1 verbose cli   'express-generator@4' ]
2 info using npm@2.14.20
3 info using node@v4.4.0
4 verbose install initial load of /usr/local/lib/package.json
5 verbose readDependencies loading dependencies from /usr/local/lib/package.json
6 silly cache add args [ 'express-generator@4', null ]
7 verbose cache add spec express-generator@4
8 silly cache add parsed spec Result {
8 silly cache add   raw: 'express-generator@4',
8 silly cache add   scope: null,
8 silly cache add   name: 'express-generator',
8 silly cache add   rawSpec: '4',
8 silly cache add   spec: '>=4.0.0 <5.0.0',
8 silly cache add   type: 'range' }
9 silly addNamed express-generator@>=4.0.0 <5.0.0
10 verbose addNamed ">=4.0.0 <5.0.0" is a valid semver range for express-generator
11 silly addNameRange { name: 'express-generator',
11 silly addNameRange   range: '>=4.0.0 <5.0.0',
11 silly addNameRange   hasData: false }
12 silly mapToRegistry name express-generator
13 silly mapToRegistry using default registry
14 silly mapToRegistry registry https://registry.npmjs.org/
15 silly mapToRegistry uri https://registry.npmjs.org/express-generator
16 verbose addNameRange registry:https://registry.npmjs.org/express-generator not in flight; fetching
17 verbose request uri https://registry.npmjs.org/express-generator
18 verbose request no auth needed
19 info attempt registry request try #1 at 4:57:16 PM
20 verbose request id f900c584cc4b1ccc
21 verbose etag "5QKANFSFP75O3I3S4EGPB2MK6"
22 http request GET https://registry.npmjs.org/express-generator
23 http 304 https://registry.npmjs.org/express-generator
24 verbose headers { date: 'Fri, 18 Mar 2016 20:57:16 GMT',
24 verbose headers   via: '1.1 varnish',
24 verbose headers   'cache-control': 'max-age=300',
24 verbose headers   etag: '"5QKANFSFP75O3I3S4EGPB2MK6"',
24 verbose headers   age: '0',
24 verbose headers   connection: 'keep-alive',
24 verbose headers   'x-served-by': 'cache-atl6247-ATL',
24 verbose headers   'x-cache': 'HIT',
24 verbose headers   'x-cache-hits': '1',
24 verbose headers   'x-timer': 'S1458334636.922122,VS0,VE354',
24 verbose headers   vary: 'Accept' }
25 silly get cb [ 304,
25 silly get   { date: 'Fri, 18 Mar 2016 20:57:16 GMT',
25 silly get     via: '1.1 varnish',
25 silly get     'cache-control': 'max-age=300',
25 silly get     etag: '"5QKANFSFP75O3I3S4EGPB2MK6"',
25 silly get     age: '0',
25 silly get     connection: 'keep-alive',
25 silly get     'x-served-by': 'cache-atl6247-ATL',
25 silly get     'x-cache': 'HIT',
25 silly get     'x-cache-hits': '1',
25 silly get     'x-timer': 'S1458334636.922122,VS0,VE354',
25 silly get     vary: 'Accept' } ]
26 verbose etag https://registry.npmjs.org/express-generator from cache
27 verbose get saving express-generator to /Users/rayliu/.npm/registry.npmjs.org/express-generator/.cache.json
28 verbose correctMkdir /Users/rayliu/.npm correctMkdir not in flight; initializing
29 silly addNameRange number 2 { name: 'express-generator',
29 silly addNameRange   range: '>=4.0.0 <5.0.0',
29 silly addNameRange   hasData: true }
30 silly addNameRange versions [ 'express-generator',
30 silly addNameRange   [ '1.0.0',
30 silly addNameRange     '3.0.0',
30 silly addNameRange     '4.0.0',
30 silly addNameRange     '4.2.0',
30 silly addNameRange     '4.8.0',
30 silly addNameRange     '4.9.0',
30 silly addNameRange     '4.10.0',
30 silly addNameRange     '4.11.0',
30 silly addNameRange     '4.11.1',
30 silly addNameRange     '4.11.2',
30 silly addNameRange     '4.12.0',
30 silly addNameRange     '4.12.1',
30 silly addNameRange     '4.12.4',
30 silly addNameRange     '4.13.0',
30 silly addNameRange     '4.13.1' ] ]
31 silly addNamed express-generator@4.13.1
32 verbose addNamed "4.13.1" is a plain semver version for express-generator
33 silly cache afterAdd express-generator@4.13.1
34 verbose afterAdd /Users/rayliu/.npm/express-generator/4.13.1/package/package.json not in flight; writing
35 verbose correctMkdir /Users/rayliu/.npm correctMkdir not in flight; initializing
36 verbose afterAdd /Users/rayliu/.npm/express-generator/4.13.1/package/package.json written
37 silly install resolved [ { name: 'express-generator',
37 silly install resolved     description: 'Express\' application generator',
37 silly install resolved     version: '4.13.1',
37 silly install resolved     author: { name: 'TJ Holowaychuk', email: 'tj@vision-media.ca' },
37 silly install resolved     contributors: [ [Object], [Object], [Object], [Object], [Object], [Object] ],
37 silly install resolved     keywords:
37 silly install resolved      [ 'express',
37 silly install resolved        'framework',
37 silly install resolved        'sinatra',
37 silly install resolved        'web',
37 silly install resolved        'rest',
37 silly install resolved        'restful',
37 silly install resolved        'router',
37 silly install resolved        'app',
37 silly install resolved        'api' ],
37 silly install resolved     repository:
37 silly install resolved      { type: 'git',
37 silly install resolved        url: 'git+https://github.com/expressjs/generator.git' },
37 silly install resolved     license: 'MIT',
37 silly install resolved     dependencies: { commander: '2.7.1', mkdirp: '0.5.1', 'sorted-object': '1.0.0' },
37 silly install resolved     main: 'bin/express',
37 silly install resolved     preferGlobal: true,
37 silly install resolved     bin: { express: './bin/express' },
37 silly install resolved     devDependencies: { mocha: '2.2.5', rimraf: '~2.2.8', supertest: '1.0.1' },
37 silly install resolved     engines: { node: '>= 0.10' },
37 silly install resolved     files: [ 'LICENSE', 'bin/', 'templates/' ],
37 silly install resolved     scripts:
37 silly install resolved      { test: 'mocha --reporter spec --bail --check-leaks test/',
37 silly install resolved        'test-ci': 'mocha --reporter spec --check-leaks test/' },
37 silly install resolved     gitHead: '4936300029c48655cadca63d063560f67f28c79e',
37 silly install resolved     bugs: { url: 'https://github.com/expressjs/generator/issues' },
37 silly install resolved     homepage: 'https://github.com/expressjs/generator',
37 silly install resolved     _id: 'express-generator@4.13.1',
37 silly install resolved     _shasum: '58351b31f0c7da770c2872bf2a50b9e9359f9968',
37 silly install resolved     _from: 'express-generator@>=4.0.0 <5.0.0',
37 silly install resolved     _npmVersion: '1.4.28',
37 silly install resolved     _npmUser: { name: 'dougwilson', email: 'doug@somethingdoug.com' },
37 silly install resolved     maintainers: [ [Object], [Object], [Object], [Object], [Object], [Object] ],
37 silly install resolved     dist:
37 silly install resolved      { shasum: '58351b31f0c7da770c2872bf2a50b9e9359f9968',
37 silly install resolved        tarball: 'http://registry.npmjs.org/express-generator/-/express-generator-4.13.1.tgz' },
37 silly install resolved     directories: {},
37 silly install resolved     _resolved: 'https://registry.npmjs.org/express-generator/-/express-generator-4.13.1.tgz',
37 silly install resolved     readme: 'ERROR: No README data found!' } ]
38 info install express-generator@4.13.1 into /usr/local/lib
39 info installOne express-generator@4.13.1
40 verbose installOne of express-generator to /usr/local/lib not in flight; installing
41 verbose correctMkdir /Users/rayliu/.npm/_locks correctMkdir not in flight; initializing
42 verbose lock using /Users/rayliu/.npm/_locks/express-generator-d3cc1706f4adef09.lock for /usr/local/lib/node_modules/express-generator
43 silly install write writing express-generator 4.13.1 to /usr/local/lib/node_modules/express-generator
44 verbose unbuild lib/node_modules/express-generator
45 silly gentlyRm /usr/local/lib/node_modules/express-generator is being purged from base /usr/local
46 verbose gentlyRm don't care about contents; nuking /usr/local/lib/node_modules/express-generator
47 verbose tar unpack /Users/rayliu/.npm/express-generator/4.13.1/package.tgz
48 verbose tar unpacking to /usr/local/lib/node_modules/express-generator
49 silly gentlyRm /usr/local/lib/node_modules/express-generator is being purged
50 verbose gentlyRm don't care about contents; nuking /usr/local/lib/node_modules/express-generator
51 silly gunzTarPerm modes [ '755', '644' ]
52 error tar.unpack untar error /Users/rayliu/.npm/express-generator/4.13.1/package.tgz
53 verbose unlock done using /Users/rayliu/.npm/_locks/express-generator-d3cc1706f4adef09.lock for /usr/local/lib/node_modules/express-generator
54 verbose fstream_path /usr/local/lib/node_modules/express-generator
55 verbose fstream_type Directory
56 verbose fstream_class DirWriter
57 verbose stack Error: EACCES: permission denied, mkdir '/usr/local/lib/node_modules/express-generator'
57 verbose stack     at Error (native)
58 verbose fstream_stack /usr/local/lib/node_modules/npm/node_modules/fstream/lib/dir-writer.js:35:25
58 verbose fstream_stack /usr/local/lib/node_modules/npm/node_modules/mkdirp/index.js:47:53
58 verbose fstream_stack FSReqWrap.oncomplete (fs.js:82:15)
59 verbose cwd /Users/rayliu/Desktop/posgreHappyEveryDay------
60 error Darwin 15.3.0
61 error argv "/usr/local/bin/node" "/usr/local/bin/npm" "install" "-g" "express-generator@4"
62 error node v4.4.0
63 error npm  v2.14.20
64 error path /usr/local/lib/node_modules/express-generator
65 error code EACCES
66 error errno -13
67 error syscall mkdir
68 error Error: EACCES: permission denied, mkdir '/usr/local/lib/node_modules/express-generator'
68 error     at Error (native)
68 error  { [Error: EACCES: permission denied, mkdir '/usr/local/lib/node_modules/express-generator']
68 error   errno: -13,
68 error   code: 'EACCES',
68 error   syscall: 'mkdir',
68 error   path: '/usr/local/lib/node_modules/express-generator',
68 error   fstream_type: 'Directory',
68 error   fstream_path: '/usr/local/lib/node_modules/express-generator',
68 error   fstream_class: 'DirWriter',
68 error   fstream_stack:
68 error    [ '/usr/local/lib/node_modules/npm/node_modules/fstream/lib/dir-writer.js:35:25',
68 error      '/usr/local/lib/node_modules/npm/node_modules/mkdirp/index.js:47:53',
68 error      'FSReqWrap.oncomplete (fs.js:82:15)' ] }
69 error Please try running this command again as root/Administrator.
70 verbose exit [ -13, true ]
71 verbose unbuild lib/node_modules/express-generator
72 silly gentlyRm /usr/local/lib/node_modules/express-generator is being purged from base /usr/local
73 verbose gentlyRm don't care about contents; nuking /usr/local/lib/node_modules/express-generator
